Byte-Project Log v0.0.12
Fri 27 Jan 2012 - 20:20:40
==========================
[INFO] GLFW Window successfully initialized!
[INFO] GLEW v1.6.0 successfully initialized!
[INFO] OpenGL 3.2
[INFO] GLSL 4.20
[INFO] Hardware : ATI Technologies Inc. - ATI Mobility Radeon HD 5800 Series 
[INFO] Renderer successfully initialized!
[INFO] Event manager successfully initialized!
[INFO] Device successfully initialized!
[INFO] Resource "defaultShader.json" loaded.
[INFO] Resource "textShader.json" loaded.
[INFO] Resource "crate.jpg" loaded.
[INFO] Resource "img_test.png" loaded.
[INFO] Resource "DejaVuSans.ttf" loaded.
[INFO] Resource "visitor2.ttf" loaded.
[INFO] FPS = 0.952900
[INFO] FPS = 2674.938721
[INFO] FPS = 457.693573
[INFO] FPS = 2937.187744
[INFO] FPS = 475.221405
[INFO] FPS = 1792.437622
[INFO] FPS = 1938.218140
[INFO] FPS = 1460.412231
[INFO] FPS = 1906.501831
