Byte-Project Log v0.1.5
Sat 05 May 2012 - 04:10:19
==========================
<0.02> [INFO] (C:\Users\Beul\Desktop\Code\ByteLastVersion\src\client\client.c:31) Socket opened on port 1992
<0.38> [INFO] (C:\Users\Beul\Desktop\Code\ByteLastVersion\src\client\context.c:104) GLFW Window successfully initialized!
<0.47> [INFO] (C:\Users\Beul\Desktop\Code\ByteLastVersion\src\client\renderer.c:81) GLEW v1.6.0 successfully initialized!
<0.48> [INFO] (C:\Users\Beul\Desktop\Code\ByteLastVersion\src\client\renderer.c:88) OpenGL 3.3
<0.49> [INFO] (C:\Users\Beul\Desktop\Code\ByteLastVersion\src\client\renderer.c:89) GLSL 3.30 NVIDIA via Cg compiler
<0.50> [INFO] (C:\Users\Beul\Desktop\Code\ByteLastVersion\src\client\renderer.c:90) Hardware : NVIDIA Corporation - GeForce GTX 285/PCI/SSE2
<0.52> [INFO] (C:\Users\Beul\Desktop\Code\ByteLastVersion\src\client\renderer.c:111) Renderer successfully initialized!
<0.53> [INFO] (C:\Users\Beul\Desktop\Code\ByteLastVersion\src\client\event.c:75) Event manager successfully initialized!
<0.57> [INFO] (C:\Users\Beul\Desktop\Code\ByteLastVersion\src\client\resource.c:324) Resource "map_shader.json" loaded.
<0.58> [INFO] (C:\Users\Beul\Desktop\Code\ByteLastVersion\src\client\resource.c:324) Resource "sprite_shader.json" loaded.
<0.60> [INFO] (C:\Users\Beul\Desktop\Code\ByteLastVersion\src\client\resource.c:324) Resource "text_shader.json" loaded.
<0.61> [INFO] (C:\Users\Beul\Desktop\Code\ByteLastVersion\src\client\resource.c:324) Resource "ui_shader.json" loaded.
<0.63> [INFO] (C:\Users\Beul\Desktop\Code\ByteLastVersion\src\client\resource.c:343) Resource "map.json" loaded.
<0.64> [INFO] (C:\Users\Beul\Desktop\Code\ByteLastVersion\src\client\resource.c:343) Resource "quadmesh.json" loaded.
<0.66> [INFO] (C:\Users\Beul\Desktop\Code\ByteLastVersion\src\client\resource.c:343) Resource "widgetmesh.json" loaded.
<0.68> [INFO] (C:\Users\Beul\Desktop\Code\ByteLastVersion\src\client\resource.c:343) Resource "widgetmesh2.json" loaded.
<0.70> [INFO] (C:\Users\Beul\Desktop\Code\ByteLastVersion\src\client\resource.c:307) Resource "hextile.png" loaded.
<0.71> [INFO] (C:\Users\Beul\Desktop\Code\ByteLastVersion\src\client\resource.c:307) Resource "img_test.png" loaded.
<0.73> [INFO] (C:\Users\Beul\Desktop\Code\ByteLastVersion\src\client\resource.c:307) Resource "man-heightmap.png" loaded.
<0.75> [INFO] (C:\Users\Beul\Desktop\Code\ByteLastVersion\src\client\resource.c:307) Resource "man-template.png" loaded.
<0.76> [INFO] (C:\Users\Beul\Desktop\Code\ByteLastVersion\src\client\resource.c:307) Resource "man-v5.png" loaded.
<0.78> [INFO] (C:\Users\Beul\Desktop\Code\ByteLastVersion\src\client\resource.c:307) Resource "man.png" loaded.
<0.79> [INFO] (C:\Users\Beul\Desktop\Code\ByteLastVersion\src\client\resource.c:307) Resource "mans.png" loaded.
<0.81> [INFO] (C:\Users\Beul\Desktop\Code\ByteLastVersion\src\client\resource.c:307) Resource "mansh.png" loaded.
<0.82> [INFO] (C:\Users\Beul\Desktop\Code\ByteLastVersion\src\client\resource.c:307) Resource "mansh2.png" loaded.
<0.84> [INFO] (C:\Users\Beul\Desktop\Code\ByteLastVersion\src\client\resource.c:307) Resource "map-red.png" loaded.
<0.85> [INFO] (C:\Users\Beul\Desktop\Code\ByteLastVersion\src\client\resource.c:307) Resource "map.png" loaded.
<0.88> [INFO] (C:\Users\Beul\Desktop\Code\ByteLastVersion\src\client\resource.c:307) Resource "tile-up-west.png" loaded.
<0.90> [INFO] (C:\Users\Beul\Desktop\Code\ByteLastVersion\src\client\resource.c:307) Resource "tile.png" loaded.
<0.92> [INFO] (C:\Users\Beul\Desktop\Code\ByteLastVersion\src\client\resource.c:307) Resource "unknown.png" loaded.
<1.00> [INFO] (C:\Users\Beul\Desktop\Code\ByteLastVersion\src\client\resource.c:307) Resource "widgettexture.png" loaded.
<1.07> [INFO] (C:\Users\Beul\Desktop\Code\ByteLastVersion\src\client\resource.c:357) Resource "DejaVuSans.ttf" loaded.
<1.13> [INFO] (C:\Users\Beul\Desktop\Code\ByteLastVersion\src\client\resource.c:357) Resource "visitor2.ttf" loaded.
<1.15> [INFO] (C:\Users\Beul\Desktop\Code\ByteLastVersion\src\client\game.c:169) Game successfully initialized!
<1.17> [INFO] (C:\Users